<?xml version="1.0" encoding="UTF-8"?>
<!-- Generated by org.testng.reporters.JUnitXMLReporter -->
<testsuite hostname="DESKTOP-F4AUIKR" ignored="0" name="My account page" tests="4" failures="0" timestamp="2022-05-23T16:02:29 EET" time="73.065" errors="0">
  <testcase name="goToDressesPage" time="5.305" classname="tests.GoToDressesTests"/>
  <testcase name="Login" time="25.79" classname="tests.AccountTests"/>
  <testcase name="goToWomen" time="15.741" classname="tests.AccountTests"/>
  <testcase name="goToProfile" time="7.102" classname="tests.AccountTests"/>
</testsuite> <!-- My account page -->
